<?xml version="1.0" encoding="UTF-8"?>
<testsuite name="baeldungtree.BinaryTreeTest" tests="1" skipped="0" failures="0" errors="0" timestamp="2021-08-17T03:24:17" hostname="Luiss-MacBook-Pro.local" time="0.019">
  <properties/>
  <testcase name="testInPreOrder()" classname="baeldungtree.BinaryTreeTest" time="0.019"/>
  <system-out><![CDATA[ 6
 4
 3
 5
 8
 7
 9
]]></system-out>
  <system-err><![CDATA[]]></system-err>
</testsuite>
